[INFO   ][2018-08-21 16:43:30][dataapi.py][line:97]: stock_bar:20180802
[INFO   ][2018-08-21 16:43:53][dataapi.py][line:97]: stock_bar:20180803
[INFO   ][2018-08-21 16:44:12][dataapi.py][line:97]: stock_bar:20180806
[INFO   ][2018-08-21 16:44:32][dataapi.py][line:97]: stock_bar:20180807
[INFO   ][2018-08-21 16:44:35][dataapi.py][line:97]: stock_bar:20180808
[INFO   ][2018-08-21 16:44:57][dataapi.py][line:97]: stock_bar:20180809
[INFO   ][2018-08-21 16:45:20][dataapi.py][line:97]: stock_bar:20180810
[INFO   ][2018-08-21 16:45:24][dataapi.py][line:97]: stock_bar:20180813
[INFO   ][2018-08-21 16:45:45][dataapi.py][line:97]: stock_bar:20180814
[INFO   ][2018-08-21 16:45:47][dataapi.py][line:97]: stock_bar:20180815
[INFO   ][2018-08-21 16:45:51][dataapi.py][line:97]: stock_bar:20180816
[INFO   ][2018-08-21 16:45:55][dataapi.py][line:97]: stock_bar:20180817
[INFO   ][2018-08-21 16:46:20][dataapi.py][line:97]: stock_bar:20180820
[INFO   ][2018-08-21 16:52:56][dataapi.py][line:90]: stock_bar:20180802
[DEBUG  ][2018-08-21 17:22:52][connectionpool.py][line:208]: Starting new HTTP connection (1): www.swsindex.com
[DEBUG  ][2018-08-21 17:22:52][connectionpool.py][line:396]: http://www.swsindex.com:80 "GET /idx0110.aspx HTTP/1.1" 200 102736
[DEBUG  ][2018-08-21 17:23:10][connectionpool.py][line:396]: http://www.swsindex.com:80 "GET /idx0110.aspx HTTP/1.1" 200 102736
[DEBUG  ][2018-08-21 17:23:14][connectionpool.py][line:396]: http://www.swsindex.com:80 "GET /idx0110.aspx HTTP/1.1" 200 102736
[DEBUG  ][2018-08-21 17:23:49][connectionpool.py][line:396]: http://www.swsindex.com:80 "GET /idx0110.aspx HTTP/1.1" 200 102736
[DEBUG  ][2018-08-21 17:23:52][connectionpool.py][line:396]: http://www.swsindex.com:80 "GET /idx0110.aspx HTTP/1.1" 200 102736
[DEBUG  ][2018-08-21 17:24:02][connectionpool.py][line:396]: http://www.swsindex.com:80 "GET /idx0110.aspx HTTP/1.1" 200 102736
[DEBUG  ][2018-08-21 17:24:20][connectionpool.py][line:396]: http://www.swsindex.com:80 "GET /idx0110.aspx HTTP/1.1" 200 102736
[DEBUG  ][2018-08-21 17:24:54][connectionpool.py][line:396]: http://www.swsindex.com:80 "GET /idx0110.aspx HTTP/1.1" 200 102736
[DEBUG  ][2018-08-21 17:28:23][connectionpool.py][line:208]: Starting new HTTP connection (1): www.swsindex.com
[DEBUG  ][2018-08-21 17:28:23][connectionpool.py][line:396]: http://www.swsindex.com:80 "GET /idx0110.aspx HTTP/1.1" 200 102736
[DEBUG  ][2018-08-21 17:28:39][connectionpool.py][line:396]: http://www.swsindex.com:80 "GET /downfile.aspx?code=801010 HTTP/1.1" 200 15184
[DEBUG  ][2018-08-21 17:28:44][connectionpool.py][line:396]: http://www.swsindex.com:80 "GET /downfile.aspx?code=801010 HTTP/1.1" 200 15184
[DEBUG  ][2018-08-21 17:29:16][connectionpool.py][line:396]: http://www.swsindex.com:80 "GET /idx0110.aspx HTTP/1.1" 200 102736
[DEBUG  ][2018-08-21 17:33:16][connectionpool.py][line:243]: Resetting dropped connection: www.swsindex.com
[DEBUG  ][2018-08-21 17:33:16][connectionpool.py][line:396]: http://www.swsindex.com:80 "GET /idx0110.aspx HTTP/1.1" 200 102736
[DEBUG  ][2018-08-21 17:33:36][connectionpool.py][line:396]: http://www.swsindex.com:80 "GET /idx0110.aspx HTTP/1.1" 200 102736
[DEBUG  ][2018-08-21 17:39:22][connectionpool.py][line:208]: Starting new HTTP connection (1): www.swsindex.com
[DEBUG  ][2018-08-21 17:39:22][connectionpool.py][line:396]: http://www.swsindex.com:80 "GET /downfile.aspx?code=None HTTP/1.1" 200 626
[DEBUG  ][2018-08-21 17:39:33][connectionpool.py][line:396]: http://www.swsindex.com:80 "GET /downfile.aspx?code=801190 HTTP/1.1" 200 329
[DEBUG  ][2018-08-21 17:41:16][connectionpool.py][line:208]: Starting new HTTP connection (1): www.swsindex.com
[DEBUG  ][2018-08-21 17:41:16][connectionpool.py][line:396]: http://www.swsindex.com:80 "GET /downfile.aspx?code=801730 HTTP/1.1" 200 30881
[DEBUG  ][2018-08-21 17:41:19][connectionpool.py][line:396]: http://www.swsindex.com:80 "GET /downfile.aspx?code=801730 HTTP/1.1" 200 30881
[DEBUG  ][2018-08-21 17:41:29][connectionpool.py][line:396]: http://www.swsindex.com:80 "GET /downfile.aspx?code=801730 HTTP/1.1" 200 30881
[DEBUG  ][2018-08-21 17:44:15][connectionpool.py][line:208]: Starting new HTTP connection (1): www.swsindex.com
[DEBUG  ][2018-08-21 17:44:15][connectionpool.py][line:396]: http://www.swsindex.com:80 "GET /downfile.aspx?code=801770 HTTP/1.1" 200 17310
[DEBUG  ][2018-08-21 17:44:15][connectionpool.py][line:396]: http://www.swsindex.com:80 "GET /downfile.aspx?code=801200 HTTP/1.1" 200 16118
[DEBUG  ][2018-08-21 17:44:16][connectionpool.py][line:396]: http://www.swsindex.com:80 "GET /downfile.aspx?code=801180 HTTP/1.1" 200 21096
[DEBUG  ][2018-08-21 17:44:16][connectionpool.py][line:396]: http://www.swsindex.com:80 "GET /downfile.aspx?code=801780 HTTP/1.1" 200 4540
[DEBUG  ][2018-08-21 17:44:16][connectionpool.py][line:396]: http://www.swsindex.com:80 "GET /downfile.aspx?code=801160 HTTP/1.1" 200 25197
[DEBUG  ][2018-08-21 17:44:16][connectionpool.py][line:396]: http://www.swsindex.com:80 "GET /downfile.aspx?code=801130 HTTP/1.1" 200 14200
[DEBUG  ][2018-08-21 17:44:17][connectionpool.py][line:396]: http://www.swsindex.com:80 "GET /downfile.aspx?code=801720 HTTP/1.1" 200 20390
[DEBUG  ][2018-08-21 17:44:17][connectionpool.py][line:396]: http://www.swsindex.com:80 "GET /downfile.aspx?code=801110 HTTP/1.1" 200 10655
[DEBUG  ][2018-08-21 17:44:17][connectionpool.py][line:396]: http://www.swsindex.com:80 "GET /downfile.aspx?code=801730 HTTP/1.1" 200 30881
[DEBUG  ][2018-08-21 17:44:18][connectionpool.py][line:396]: http://www.swsindex.com:80 "GET /downfile.aspx?code=801740 HTTP/1.1" 200 8416
[DEBUG  ][2018-08-21 17:44:18][connectionpool.py][line:396]: http://www.swsindex.com:80 "GET /downfile.aspx?code=801120 HTTP/1.1" 200 14848
[DEBUG  ][2018-08-21 17:44:18][connectionpool.py][line:396]: http://www.swsindex.com:80 "GET /downfile.aspx?code=801760 HTTP/1.1" 200 24376
[DEBUG  ][2018-08-21 17:44:18][connectionpool.py][line:396]: http://www.swsindex.com:80 "GET /downfile.aspx?code=801190 HTTP/1.1" 200 329
[DEBUG  ][2018-08-21 17:44:42][connectionpool.py][line:208]: Starting new HTTP connection (1): www.swsindex.com
[DEBUG  ][2018-08-21 17:44:42][connectionpool.py][line:396]: http://www.swsindex.com:80 "GET /downfile.aspx?code=801220 HTTP/1.1" 200 329
[DEBUG  ][2018-08-21 17:45:21][connectionpool.py][line:208]: Starting new HTTP connection (1): www.swsindex.com
[DEBUG  ][2018-08-21 17:45:21][connectionpool.py][line:396]: http://www.swsindex.com:80 "GET /downfile.aspx?code=801110 HTTP/1.1" 200 10655
[DEBUG  ][2018-08-21 17:45:22][connectionpool.py][line:396]: http://www.swsindex.com:80 "GET /downfile.aspx?code=801140 HTTP/1.1" 200 20188
[DEBUG  ][2018-08-21 17:45:22][connectionpool.py][line:396]: http://www.swsindex.com:80 "GET /downfile.aspx?code=801740 HTTP/1.1" 200 8416
[DEBUG  ][2018-08-21 17:45:22][connectionpool.py][line:396]: http://www.swsindex.com:80 "GET /downfile.aspx?code=801220 HTTP/1.1" 200 329
[DEBUG  ][2018-08-21 17:45:22][connectionpool.py][line:396]: http://www.swsindex.com:80 "GET /downfile.aspx?code=801230 HTTP/1.1" 200 7399
[DEBUG  ][2018-08-21 17:45:22][connectionpool.py][line:396]: http://www.swsindex.com:80 "GET /downfile.aspx?code=801100 HTTP/1.1" 200 329
[DEBUG  ][2018-08-21 17:45:22][connectionpool.py][line:396]: http://www.swsindex.com:80 "GET /downfile.aspx?code=801760 HTTP/1.1" 200 24376
[DEBUG  ][2018-08-21 17:45:23][connectionpool.py][line:396]: http://www.swsindex.com:80 "GET /downfile.aspx?code=801090 HTTP/1.1" 200 329
[DEBUG  ][2018-08-21 17:45:23][connectionpool.py][line:396]: http://www.swsindex.com:80 "GET /downfile.aspx?code=801020 HTTP/1.1" 200 10005
[DEBUG  ][2018-08-21 17:45:23][connectionpool.py][line:396]: http://www.swsindex.com:80 "GET /downfile.aspx?code=801030 HTTP/1.1" 200 51804
[DEBUG  ][2018-08-21 17:45:24][connectionpool.py][line:396]: http://www.swsindex.com:80 "GET /downfile.aspx?code=801180 HTTP/1.1" 200 21096
[DEBUG  ][2018-08-21 17:45:24][connectionpool.py][line:396]: http://www.swsindex.com:80 "GET /downfile.aspx?code=801200 HTTP/1.1" 200 16118
[DEBUG  ][2018-08-21 17:45:24][connectionpool.py][line:396]: http://www.swsindex.com:80 "GET /downfile.aspx?code=801790 HTTP/1.1" 200 11177
[DEBUG  ][2018-08-21 17:45:25][connectionpool.py][line:396]: http://www.swsindex.com:80 "GET /downfile.aspx?code=801730 HTTP/1.1" 200 30881
[DEBUG  ][2018-08-21 17:45:25][connectionpool.py][line:396]: http://www.swsindex.com:80 "GET /downfile.aspx?code=801770 HTTP/1.1" 200 17310
[DEBUG  ][2018-08-21 17:45:25][connectionpool.py][line:396]: http://www.swsindex.com:80 "GET /downfile.aspx?code=801070 HTTP/1.1" 200 329
[DEBUG  ][2018-08-21 17:45:25][connectionpool.py][line:396]: http://www.swsindex.com:80 "GET /downfile.aspx?code=801190 HTTP/1.1" 200 329
[DEBUG  ][2018-08-21 17:45:25][connectionpool.py][line:396]: http://www.swsindex.com:80 "GET /downfile.aspx?code=801080 HTTP/1.1" 200 36220
[DEBUG  ][2018-08-21 17:45:26][connectionpool.py][line:396]: http://www.swsindex.com:80 "GET /downfile.aspx?code=801880 HTTP/1.1" 200 27499
[DEBUG  ][2018-08-21 17:45:26][connectionpool.py][line:396]: http://www.swsindex.com:80 "GET /downfile.aspx?code=801040 HTTP/1.1" 200 5490
[DEBUG  ][2018-08-21 17:45:26][connectionpool.py][line:396]: http://www.swsindex.com:80 "GET /downfile.aspx?code=801720 HTTP/1.1" 200 20390
[DEBUG  ][2018-08-21 17:45:26][connectionpool.py][line:396]: http://www.swsindex.com:80 "GET /downfile.aspx?code=801750 HTTP/1.1" 200 32941
[DEBUG  ][2018-08-21 17:45:27][connectionpool.py][line:396]: http://www.swsindex.com:80 "GET /downfile.aspx?code=801120 HTTP/1.1" 200 14848
[DEBUG  ][2018-08-21 17:45:27][connectionpool.py][line:396]: http://www.swsindex.com:80 "GET /downfile.aspx?code=801010 HTTP/1.1" 200 15184
[DEBUG  ][2018-08-21 17:45:27][connectionpool.py][line:396]: http://www.swsindex.com:80 "GET /downfile.aspx?code=801150 HTTP/1.1" 200 46016
[DEBUG  ][2018-08-21 17:45:28][connectionpool.py][line:396]: http://www.swsindex.com:80 "GET /downfile.aspx?code=801710 HTTP/1.1" 200 11964
[DEBUG  ][2018-08-21 17:45:28][connectionpool.py][line:396]: http://www.swsindex.com:80 "GET /downfile.aspx?code=801890 HTTP/1.1" 200 52066
[DEBUG  ][2018-08-21 17:45:28][connectionpool.py][line:396]: http://www.swsindex.com:80 "GET /downfile.aspx?code=801130 HTTP/1.1" 200 14200
[DEBUG  ][2018-08-21 17:45:29][connectionpool.py][line:396]: http://www.swsindex.com:80 "GET /downfile.aspx?code=801210 HTTP/1.1" 200 5970
[DEBUG  ][2018-08-21 17:45:29][connectionpool.py][line:396]: http://www.swsindex.com:80 "GET /downfile.aspx?code=801050 HTTP/1.1" 200 19111
[DEBUG  ][2018-08-21 17:45:29][connectionpool.py][line:396]: http://www.swsindex.com:80 "GET /downfile.aspx?code=801060 HTTP/1.1" 200 329
[DEBUG  ][2018-08-21 17:45:29][connectionpool.py][line:396]: http://www.swsindex.com:80 "GET /downfile.aspx?code=801780 HTTP/1.1" 200 4540
[DEBUG  ][2018-08-21 17:45:29][connectionpool.py][line:396]: http://www.swsindex.com:80 "GET /downfile.aspx?code=801170 HTTP/1.1" 200 18045
[DEBUG  ][2018-08-21 17:45:29][connectionpool.py][line:396]: http://www.swsindex.com:80 "GET /downfile.aspx?code=801160 HTTP/1.1" 200 25197
[DEBUG  ][2018-08-21 17:45:45][connectionpool.py][line:208]: Starting new HTTP connection (1): www.swsindex.com
[DEBUG  ][2018-08-21 17:45:45][connectionpool.py][line:396]: http://www.swsindex.com:80 "GET /downfile.aspx?code=801120 HTTP/1.1" 200 14848
[DEBUG  ][2018-08-21 17:45:45][connectionpool.py][line:396]: http://www.swsindex.com:80 "GET /downfile.aspx?code=801150 HTTP/1.1" 200 46016
[DEBUG  ][2018-08-21 17:45:46][connectionpool.py][line:396]: http://www.swsindex.com:80 "GET /downfile.aspx?code=801080 HTTP/1.1" 200 36220
[DEBUG  ][2018-08-21 17:45:46][connectionpool.py][line:396]: http://www.swsindex.com:80 "GET /downfile.aspx?code=801710 HTTP/1.1" 200 11964
[DEBUG  ][2018-08-21 17:45:46][connectionpool.py][line:396]: http://www.swsindex.com:80 "GET /downfile.aspx?code=801090 HTTP/1.1" 200 329
[DEBUG  ][2018-08-21 17:45:46][connectionpool.py][line:396]: http://www.swsindex.com:80 "GET /downfile.aspx?code=801780 HTTP/1.1" 200 4540
[DEBUG  ][2018-08-21 17:45:46][connectionpool.py][line:396]: http://www.swsindex.com:80 "GET /downfile.aspx?code=801730 HTTP/1.1" 200 30881
[DEBUG  ][2018-08-21 17:45:47][connectionpool.py][line:396]: http://www.swsindex.com:80 "GET /downfile.aspx?code=801190 HTTP/1.1" 200 329
[DEBUG  ][2018-08-21 17:45:47][connectionpool.py][line:396]: http://www.swsindex.com:80 "GET /downfile.aspx?code=801760 HTTP/1.1" 200 24376
[DEBUG  ][2018-08-21 17:45:47][connectionpool.py][line:396]: http://www.swsindex.com:80 "GET /downfile.aspx?code=801740 HTTP/1.1" 200 8416
[DEBUG  ][2018-08-21 17:45:47][connectionpool.py][line:396]: http://www.swsindex.com:80 "GET /downfile.aspx?code=801050 HTTP/1.1" 200 19111
[DEBUG  ][2018-08-21 17:45:48][connectionpool.py][line:396]: http://www.swsindex.com:80 "GET /downfile.aspx?code=801040 HTTP/1.1" 200 5490
[DEBUG  ][2018-08-21 17:45:48][connectionpool.py][line:396]: http://www.swsindex.com:80 "GET /downfile.aspx?code=801230 HTTP/1.1" 200 7399
[DEBUG  ][2018-08-21 17:45:48][connectionpool.py][line:396]: http://www.swsindex.com:80 "GET /downfile.aspx?code=801020 HTTP/1.1" 200 10005
[DEBUG  ][2018-08-21 17:45:48][connectionpool.py][line:396]: http://www.swsindex.com:80 "GET /downfile.aspx?code=801060 HTTP/1.1" 200 329
[DEBUG  ][2018-08-21 17:45:48][connectionpool.py][line:396]: http://www.swsindex.com:80 "GET /downfile.aspx?code=801890 HTTP/1.1" 200 52066
[DEBUG  ][2018-08-21 17:45:49][connectionpool.py][line:396]: http://www.swsindex.com:80 "GET /downfile.aspx?code=801100 HTTP/1.1" 200 329
[DEBUG  ][2018-08-21 17:45:49][connectionpool.py][line:396]: http://www.swsindex.com:80 "GET /downfile.aspx?code=801790 HTTP/1.1" 200 11177
[DEBUG  ][2018-08-21 17:45:49][connectionpool.py][line:396]: http://www.swsindex.com:80 "GET /downfile.aspx?code=801160 HTTP/1.1" 200 25197
[DEBUG  ][2018-08-21 17:45:50][connectionpool.py][line:396]: http://www.swsindex.com:80 "GET /downfile.aspx?code=801070 HTTP/1.1" 200 329
[DEBUG  ][2018-08-21 17:45:50][connectionpool.py][line:396]: http://www.swsindex.com:80 "GET /downfile.aspx?code=801720 HTTP/1.1" 200 20390
[DEBUG  ][2018-08-21 17:45:50][connectionpool.py][line:396]: http://www.swsindex.com:80 "GET /downfile.aspx?code=801210 HTTP/1.1" 200 5970
[DEBUG  ][2018-08-21 17:45:50][connectionpool.py][line:396]: http://www.swsindex.com:80 "GET /downfile.aspx?code=801030 HTTP/1.1" 200 51804
[DEBUG  ][2018-08-21 17:45:51][connectionpool.py][line:396]: http://www.swsindex.com:80 "GET /downfile.aspx?code=801110 HTTP/1.1" 200 10655
[DEBUG  ][2018-08-21 17:45:51][connectionpool.py][line:396]: http://www.swsindex.com:80 "GET /downfile.aspx?code=801180 HTTP/1.1" 200 21096
[DEBUG  ][2018-08-21 17:45:51][connectionpool.py][line:396]: http://www.swsindex.com:80 "GET /downfile.aspx?code=801750 HTTP/1.1" 200 32941
[DEBUG  ][2018-08-21 17:45:52][connectionpool.py][line:396]: http://www.swsindex.com:80 "GET /downfile.aspx?code=801170 HTTP/1.1" 200 18045
[DEBUG  ][2018-08-21 17:45:52][connectionpool.py][line:396]: http://www.swsindex.com:80 "GET /downfile.aspx?code=801130 HTTP/1.1" 200 14200
[DEBUG  ][2018-08-21 17:45:52][connectionpool.py][line:396]: http://www.swsindex.com:80 "GET /downfile.aspx?code=801140 HTTP/1.1" 200 20188
[DEBUG  ][2018-08-21 17:45:53][connectionpool.py][line:396]: http://www.swsindex.com:80 "GET /downfile.aspx?code=801880 HTTP/1.1" 200 27499
[DEBUG  ][2018-08-21 17:45:53][connectionpool.py][line:396]: http://www.swsindex.com:80 "GET /downfile.aspx?code=801010 HTTP/1.1" 200 15184
[DEBUG  ][2018-08-21 17:45:54][connectionpool.py][line:396]: http://www.swsindex.com:80 "GET /downfile.aspx?code=801200 HTTP/1.1" 200 16118
[DEBUG  ][2018-08-21 17:45:54][connectionpool.py][line:396]: http://www.swsindex.com:80 "GET /downfile.aspx?code=801220 HTTP/1.1" 200 329
[DEBUG  ][2018-08-21 17:45:54][connectionpool.py][line:396]: http://www.swsindex.com:80 "GET /downfile.aspx?code=801770 HTTP/1.1" 200 17310
[DEBUG  ][2018-08-21 17:47:30][connectionpool.py][line:208]: Starting new HTTP connection (1): www.swsindex.com
[DEBUG  ][2018-08-21 17:47:30][connectionpool.py][line:396]: http://www.swsindex.com:80 "GET /downfile.aspx?code=801030 HTTP/1.1" 200 51804
[DEBUG  ][2018-08-21 17:47:31][connectionpool.py][line:396]: http://www.swsindex.com:80 "GET /downfile.aspx?code=801090 HTTP/1.1" 200 329
[DEBUG  ][2018-08-21 17:47:52][connectionpool.py][line:208]: Starting new HTTP connection (1): www.swsindex.com
[DEBUG  ][2018-08-21 17:47:52][connectionpool.py][line:396]: http://www.swsindex.com:80 "GET /downfile.aspx?code=801060 HTTP/1.1" 200 329
[DEBUG  ][2018-08-21 17:47:52][connectionpool.py][line:396]: http://www.swsindex.com:80 "GET /downfile.aspx?code=801710 HTTP/1.1" 200 11964
[DEBUG  ][2018-08-21 17:47:53][connectionpool.py][line:396]: http://www.swsindex.com:80 "GET /downfile.aspx?code=801070 HTTP/1.1" 200 329
[DEBUG  ][2018-08-21 17:47:53][connectionpool.py][line:396]: http://www.swsindex.com:80 "GET /downfile.aspx?code=801010 HTTP/1.1" 200 15184
[DEBUG  ][2018-08-21 17:47:53][connectionpool.py][line:396]: http://www.swsindex.com:80 "GET /downfile.aspx?code=801760 HTTP/1.1" 200 24376
[DEBUG  ][2018-08-21 17:47:53][connectionpool.py][line:396]: http://www.swsindex.com:80 "GET /downfile.aspx?code=801120 HTTP/1.1" 200 14848
[DEBUG  ][2018-08-21 17:47:53][connectionpool.py][line:396]: http://www.swsindex.com:80 "GET /downfile.aspx?code=801750 HTTP/1.1" 200 32941
[DEBUG  ][2018-08-21 17:47:54][connectionpool.py][line:396]: http://www.swsindex.com:80 "GET /downfile.aspx?code=801080 HTTP/1.1" 200 36220
[DEBUG  ][2018-08-21 17:47:54][connectionpool.py][line:396]: http://www.swsindex.com:80 "GET /downfile.aspx?code=801170 HTTP/1.1" 200 18045
[DEBUG  ][2018-08-21 17:47:54][connectionpool.py][line:396]: http://www.swsindex.com:80 "GET /downfile.aspx?code=801100 HTTP/1.1" 200 329
[DEBUG  ][2018-08-21 17:47:54][connectionpool.py][line:396]: http://www.swsindex.com:80 "GET /downfile.aspx?code=801050 HTTP/1.1" 200 19111
[DEBUG  ][2018-08-21 17:47:55][connectionpool.py][line:396]: http://www.swsindex.com:80 "GET /downfile.aspx?code=801190 HTTP/1.1" 200 329
[DEBUG  ][2018-08-21 17:47:55][connectionpool.py][line:396]: http://www.swsindex.com:80 "GET /downfile.aspx?code=801200 HTTP/1.1" 200 16118
[DEBUG  ][2018-08-21 17:47:55][connectionpool.py][line:396]: http://www.swsindex.com:80 "GET /downfile.aspx?code=801890 HTTP/1.1" 200 52066
[DEBUG  ][2018-08-21 17:47:56][connectionpool.py][line:396]: http://www.swsindex.com:80 "GET /downfile.aspx?code=801180 HTTP/1.1" 200 21096
[DEBUG  ][2018-08-21 17:47:56][connectionpool.py][line:396]: http://www.swsindex.com:80 "GET /downfile.aspx?code=801740 HTTP/1.1" 200 8416
[DEBUG  ][2018-08-21 17:47:56][connectionpool.py][line:396]: http://www.swsindex.com:80 "GET /downfile.aspx?code=801040 HTTP/1.1" 200 5490
[DEBUG  ][2018-08-21 17:47:56][connectionpool.py][line:396]: http://www.swsindex.com:80 "GET /downfile.aspx?code=801770 HTTP/1.1" 200 17310
[DEBUG  ][2018-08-21 17:47:57][connectionpool.py][line:396]: http://www.swsindex.com:80 "GET /downfile.aspx?code=801140 HTTP/1.1" 200 20188
[DEBUG  ][2018-08-21 17:47:57][connectionpool.py][line:396]: http://www.swsindex.com:80 "GET /downfile.aspx?code=801150 HTTP/1.1" 200 46016
[DEBUG  ][2018-08-21 17:47:58][connectionpool.py][line:396]: http://www.swsindex.com:80 "GET /downfile.aspx?code=801160 HTTP/1.1" 200 25197
[DEBUG  ][2018-08-21 17:47:59][connectionpool.py][line:396]: http://www.swsindex.com:80 "GET /downfile.aspx?code=801210 HTTP/1.1" 200 5970
[DEBUG  ][2018-08-21 17:47:59][connectionpool.py][line:396]: http://www.swsindex.com:80 "GET /downfile.aspx?code=801880 HTTP/1.1" 200 27499
[DEBUG  ][2018-08-21 17:47:59][connectionpool.py][line:396]: http://www.swsindex.com:80 "GET /downfile.aspx?code=801110 HTTP/1.1" 200 10655
[DEBUG  ][2018-08-21 17:47:59][connectionpool.py][line:396]: http://www.swsindex.com:80 "GET /downfile.aspx?code=801220 HTTP/1.1" 200 329
[DEBUG  ][2018-08-21 17:47:59][connectionpool.py][line:396]: http://www.swsindex.com:80 "GET /downfile.aspx?code=801230 HTTP/1.1" 200 7399
[DEBUG  ][2018-08-21 17:48:00][connectionpool.py][line:396]: http://www.swsindex.com:80 "GET /downfile.aspx?code=801090 HTTP/1.1" 200 329
[DEBUG  ][2018-08-21 17:48:00][connectionpool.py][line:396]: http://www.swsindex.com:80 "GET /downfile.aspx?code=801030 HTTP/1.1" 200 51804
[DEBUG  ][2018-08-21 17:48:01][connectionpool.py][line:396]: http://www.swsindex.com:80 "GET /downfile.aspx?code=801130 HTTP/1.1" 200 14200
[DEBUG  ][2018-08-21 17:48:01][connectionpool.py][line:396]: http://www.swsindex.com:80 "GET /downfile.aspx?code=801020 HTTP/1.1" 200 10005
[DEBUG  ][2018-08-21 17:48:01][connectionpool.py][line:396]: http://www.swsindex.com:80 "GET /downfile.aspx?code=801790 HTTP/1.1" 200 11177
[DEBUG  ][2018-08-21 17:48:01][connectionpool.py][line:396]: http://www.swsindex.com:80 "GET /downfile.aspx?code=801720 HTTP/1.1" 200 20390
[DEBUG  ][2018-08-21 17:48:02][connectionpool.py][line:396]: http://www.swsindex.com:80 "GET /downfile.aspx?code=801730 HTTP/1.1" 200 30881
[DEBUG  ][2018-08-21 17:48:02][connectionpool.py][line:396]: http://www.swsindex.com:80 "GET /downfile.aspx?code=801780 HTTP/1.1" 200 4540
[DEBUG  ][2018-08-21 17:51:02][connectionpool.py][line:208]: Starting new HTTP connection (1): www.swsindex.com
[DEBUG  ][2018-08-21 17:51:02][connectionpool.py][line:396]: http://www.swsindex.com:80 "GET /downfile.aspx?code=801160 HTTP/1.1" 200 25197
[DEBUG  ][2018-08-21 17:51:03][connectionpool.py][line:396]: http://www.swsindex.com:80 "GET /downfile.aspx?code=801780 HTTP/1.1" 200 4540
[DEBUG  ][2018-08-21 17:51:03][connectionpool.py][line:396]: http://www.swsindex.com:80 "GET /downfile.aspx?code=801090 HTTP/1.1" 200 329
[DEBUG  ][2018-08-21 17:51:03][connectionpool.py][line:396]: http://www.swsindex.com:80 "GET /downfile.aspx?code=801190 HTTP/1.1" 200 329
[DEBUG  ][2018-08-21 17:51:03][connectionpool.py][line:396]: http://www.swsindex.com:80 "GET /downfile.aspx?code=801720 HTTP/1.1" 200 20390
[DEBUG  ][2018-08-21 17:51:04][connectionpool.py][line:396]: http://www.swsindex.com:80 "GET /downfile.aspx?code=801100 HTTP/1.1" 200 329
[DEBUG  ][2018-08-21 17:51:04][connectionpool.py][line:396]: http://www.swsindex.com:80 "GET /downfile.aspx?code=801180 HTTP/1.1" 200 21096
[DEBUG  ][2018-08-21 17:51:04][connectionpool.py][line:396]: http://www.swsindex.com:80 "GET /downfile.aspx?code=801770 HTTP/1.1" 200 17310
[DEBUG  ][2018-08-21 17:51:04][connectionpool.py][line:396]: http://www.swsindex.com:80 "GET /downfile.aspx?code=801060 HTTP/1.1" 200 329
[DEBUG  ][2018-08-21 17:51:04][connectionpool.py][line:396]: http://www.swsindex.com:80 "GET /downfile.aspx?code=801760 HTTP/1.1" 200 24376
[DEBUG  ][2018-08-21 17:51:04][connectionpool.py][line:396]: http://www.swsindex.com:80 "GET /downfile.aspx?code=801230 HTTP/1.1" 200 7399
[DEBUG  ][2018-08-21 17:51:05][connectionpool.py][line:396]: http://www.swsindex.com:80 "GET /downfile.aspx?code=801710 HTTP/1.1" 200 11964
[DEBUG  ][2018-08-21 17:51:05][connectionpool.py][line:396]: http://www.swsindex.com:80 "GET /downfile.aspx?code=801010 HTTP/1.1" 200 15184
[DEBUG  ][2018-08-21 17:51:05][connectionpool.py][line:396]: http://www.swsindex.com:80 "GET /downfile.aspx?code=801170 HTTP/1.1" 200 18045
[DEBUG  ][2018-08-21 17:51:05][connectionpool.py][line:396]: http://www.swsindex.com:80 "GET /downfile.aspx?code=801790 HTTP/1.1" 200 11177
[DEBUG  ][2018-08-21 17:51:06][connectionpool.py][line:396]: http://www.swsindex.com:80 "GET /downfile.aspx?code=801080 HTTP/1.1" 200 36220
[DEBUG  ][2018-08-21 17:51:06][connectionpool.py][line:396]: http://www.swsindex.com:80 "GET /downfile.aspx?code=801020 HTTP/1.1" 200 10005
[DEBUG  ][2018-08-21 17:51:07][connectionpool.py][line:396]: http://www.swsindex.com:80 "GET /downfile.aspx?code=801220 HTTP/1.1" 200 329
[DEBUG  ][2018-08-21 17:51:07][connectionpool.py][line:396]: http://www.swsindex.com:80 "GET /downfile.aspx?code=801150 HTTP/1.1" 200 46016
[DEBUG  ][2018-08-21 17:51:07][connectionpool.py][line:396]: http://www.swsindex.com:80 "GET /downfile.aspx?code=801890 HTTP/1.1" 200 52066
[DEBUG  ][2018-08-21 17:51:08][connectionpool.py][line:396]: http://www.swsindex.com:80 "GET /downfile.aspx?code=801130 HTTP/1.1" 200 14200
[DEBUG  ][2018-08-21 17:51:08][connectionpool.py][line:396]: http://www.swsindex.com:80 "GET /downfile.aspx?code=801210 HTTP/1.1" 200 5970
[DEBUG  ][2018-08-21 17:51:08][connectionpool.py][line:396]: http://www.swsindex.com:80 "GET /downfile.aspx?code=801040 HTTP/1.1" 200 5490
[DEBUG  ][2018-08-21 17:51:09][connectionpool.py][line:396]: http://www.swsindex.com:80 "GET /downfile.aspx?code=801740 HTTP/1.1" 200 8416
[DEBUG  ][2018-08-21 17:51:09][connectionpool.py][line:396]: http://www.swsindex.com:80 "GET /downfile.aspx?code=801120 HTTP/1.1" 200 14848
[DEBUG  ][2018-08-21 17:51:09][connectionpool.py][line:396]: http://www.swsindex.com:80 "GET /downfile.aspx?code=801200 HTTP/1.1" 200 16118
[DEBUG  ][2018-08-21 17:51:09][connectionpool.py][line:396]: http://www.swsindex.com:80 "GET /downfile.aspx?code=801110 HTTP/1.1" 200 10655
[DEBUG  ][2018-08-21 17:51:09][connectionpool.py][line:396]: http://www.swsindex.com:80 "GET /downfile.aspx?code=801070 HTTP/1.1" 200 329
[DEBUG  ][2018-08-21 17:51:09][connectionpool.py][line:396]: http://www.swsindex.com:80 "GET /downfile.aspx?code=801140 HTTP/1.1" 200 20188
[DEBUG  ][2018-08-21 17:51:10][connectionpool.py][line:396]: http://www.swsindex.com:80 "GET /downfile.aspx?code=801730 HTTP/1.1" 200 30881
[DEBUG  ][2018-08-21 17:51:10][connectionpool.py][line:396]: http://www.swsindex.com:80 "GET /downfile.aspx?code=801030 HTTP/1.1" 200 51804
[DEBUG  ][2018-08-21 17:51:11][connectionpool.py][line:396]: http://www.swsindex.com:80 "GET /downfile.aspx?code=801880 HTTP/1.1" 200 27499
[DEBUG  ][2018-08-21 17:51:11][connectionpool.py][line:396]: http://www.swsindex.com:80 "GET /downfile.aspx?code=801050 HTTP/1.1" 200 19111
[DEBUG  ][2018-08-21 17:51:11][connectionpool.py][line:396]: http://www.swsindex.com:80 "GET /downfile.aspx?code=801750 HTTP/1.1" 200 32941
[INFO   ][2018-08-21 18:06:25][dataapi.py][line:87]: stock_%s:%s
[INFO   ][2018-08-21 18:06:44][<string>][line:1]: stock_%s:%s
[INFO   ][2018-08-21 18:06:53][<string>][line:1]: stock_daily:20180102
[INFO   ][2018-08-21 18:07:39][dataapi.py][line:87]: stock_daily:20180102
[INFO   ][2018-08-21 18:07:53][dataapi.py][line:87]: stock_daily:20180103
[INFO   ][2018-08-21 18:07:57][dataapi.py][line:87]: stock_daily:20180104
[INFO   ][2018-08-21 18:08:02][dataapi.py][line:87]: stock_daily:20180105
[INFO   ][2018-08-21 18:08:08][dataapi.py][line:87]: stock_daily:20180108
[INFO   ][2018-08-21 18:08:13][dataapi.py][line:87]: stock_daily:20180109
[INFO   ][2018-08-21 18:08:19][dataapi.py][line:87]: stock_daily:20180110
[INFO   ][2018-08-21 18:08:21][dataapi.py][line:87]: stock_daily:20180111
[INFO   ][2018-08-21 18:08:28][dataapi.py][line:87]: stock_daily:20180112
[INFO   ][2018-08-21 18:08:34][dataapi.py][line:87]: stock_daily:20180115
[INFO   ][2018-08-21 18:08:41][dataapi.py][line:87]: stock_daily:20180116
[INFO   ][2018-08-21 18:08:44][dataapi.py][line:87]: stock_daily:20180117
[INFO   ][2018-08-21 18:08:47][dataapi.py][line:87]: stock_daily:20180118
[INFO   ][2018-08-21 18:08:49][dataapi.py][line:87]: stock_daily:20180119
[INFO   ][2018-08-21 18:08:53][dataapi.py][line:87]: stock_daily:20180122
[INFO   ][2018-08-21 18:08:55][dataapi.py][line:87]: stock_daily:20180123
[INFO   ][2018-08-21 18:09:01][dataapi.py][line:87]: stock_daily:20180124
[INFO   ][2018-08-21 18:09:05][dataapi.py][line:87]: stock_daily:20180125
[INFO   ][2018-08-21 18:09:07][dataapi.py][line:87]: stock_daily:20180126
[INFO   ][2018-08-21 18:09:11][dataapi.py][line:87]: stock_daily:20180129
[INFO   ][2018-08-21 18:09:17][dataapi.py][line:87]: stock_daily:20180130
[INFO   ][2018-08-21 18:09:22][dataapi.py][line:87]: stock_daily:20180131
[INFO   ][2018-08-21 18:09:29][dataapi.py][line:87]: stock_daily:20180201
[INFO   ][2018-08-21 18:09:35][dataapi.py][line:87]: stock_daily:20180202
[INFO   ][2018-08-21 18:09:39][dataapi.py][line:87]: stock_daily:20180205
[INFO   ][2018-08-21 18:09:44][dataapi.py][line:87]: stock_daily:20180206
[INFO   ][2018-08-21 18:09:47][dataapi.py][line:87]: stock_daily:20180207
[INFO   ][2018-08-21 18:09:50][dataapi.py][line:87]: stock_daily:20180208
[INFO   ][2018-08-21 18:09:55][dataapi.py][line:87]: stock_daily:20180209
[INFO   ][2018-08-21 18:10:01][dataapi.py][line:87]: stock_daily:20180212
[INFO   ][2018-08-21 18:10:07][dataapi.py][line:87]: stock_daily:20180213
[INFO   ][2018-08-21 18:10:13][dataapi.py][line:87]: stock_daily:20180214
[INFO   ][2018-08-21 18:10:19][dataapi.py][line:87]: stock_daily:20180222
[INFO   ][2018-08-21 18:10:22][dataapi.py][line:87]: stock_daily:20180223
[INFO   ][2018-08-21 18:10:26][dataapi.py][line:87]: stock_daily:20180226
[INFO   ][2018-08-21 18:10:28][dataapi.py][line:87]: stock_daily:20180227
[INFO   ][2018-08-21 18:10:30][dataapi.py][line:87]: stock_daily:20180228
[INFO   ][2018-08-21 18:10:36][dataapi.py][line:87]: stock_daily:20180301
[INFO   ][2018-08-21 18:10:41][dataapi.py][line:87]: stock_daily:20180302
[INFO   ][2018-08-21 18:10:45][dataapi.py][line:87]: stock_daily:20180305
[INFO   ][2018-08-21 18:10:48][dataapi.py][line:87]: stock_daily:20180306
[INFO   ][2018-08-21 18:10:55][dataapi.py][line:87]: stock_daily:20180307
[INFO   ][2018-08-21 18:10:58][dataapi.py][line:87]: stock_daily:20180308
[INFO   ][2018-08-21 18:11:04][dataapi.py][line:87]: stock_daily:20180309
[INFO   ][2018-08-21 18:11:07][dataapi.py][line:87]: stock_daily:20180312
[INFO   ][2018-08-21 18:11:12][dataapi.py][line:87]: stock_daily:20180313
[INFO   ][2018-08-21 18:11:21][dataapi.py][line:87]: stock_daily:20180314
[INFO   ][2018-08-21 18:11:24][dataapi.py][line:87]: stock_daily:20180315
[INFO   ][2018-08-21 18:11:26][dataapi.py][line:87]: stock_daily:20180316
[INFO   ][2018-08-21 18:11:32][dataapi.py][line:87]: stock_daily:20180319
[INFO   ][2018-08-21 18:11:35][dataapi.py][line:87]: stock_daily:20180320
[INFO   ][2018-08-21 18:11:50][dataapi.py][line:87]: stock_daily:20180321
[INFO   ][2018-08-21 18:11:52][dataapi.py][line:87]: stock_daily:20180322
[INFO   ][2018-08-21 18:11:58][dataapi.py][line:87]: stock_daily:20180323
[INFO   ][2018-08-21 18:12:05][dataapi.py][line:87]: stock_daily:20180326
[INFO   ][2018-08-21 18:12:11][dataapi.py][line:87]: stock_daily:20180327
[INFO   ][2018-08-21 18:12:21][dataapi.py][line:87]: stock_daily:20180328
[INFO   ][2018-08-21 18:12:25][dataapi.py][line:87]: stock_daily:20180329
[INFO   ][2018-08-21 18:12:37][dataapi.py][line:87]: stock_daily:20180330
[INFO   ][2018-08-21 18:12:39][dataapi.py][line:87]: stock_daily:20180402
[INFO   ][2018-08-21 18:12:51][dataapi.py][line:87]: stock_daily:20180403
[INFO   ][2018-08-21 18:13:04][dataapi.py][line:87]: stock_daily:20180404
[INFO   ][2018-08-21 18:13:10][dataapi.py][line:87]: stock_daily:20180409
[INFO   ][2018-08-21 18:13:13][dataapi.py][line:87]: stock_daily:20180410
[INFO   ][2018-08-21 18:13:25][dataapi.py][line:87]: stock_daily:20180411
[INFO   ][2018-08-21 18:13:27][dataapi.py][line:87]: stock_daily:20180412
[INFO   ][2018-08-21 18:13:33][dataapi.py][line:87]: stock_daily:20180413
[INFO   ][2018-08-21 18:13:40][dataapi.py][line:87]: stock_daily:20180416
[INFO   ][2018-08-21 18:13:46][dataapi.py][line:87]: stock_daily:20180417
[INFO   ][2018-08-21 18:13:50][dataapi.py][line:87]: stock_daily:20180418
[INFO   ][2018-08-21 18:13:54][dataapi.py][line:87]: stock_daily:20180419
[INFO   ][2018-08-21 18:13:56][dataapi.py][line:87]: stock_daily:20180420
[INFO   ][2018-08-21 18:14:02][dataapi.py][line:87]: stock_daily:20180423
[INFO   ][2018-08-21 18:14:05][dataapi.py][line:87]: stock_daily:20180424
[INFO   ][2018-08-21 18:14:10][dataapi.py][line:87]: stock_daily:20180425
[INFO   ][2018-08-21 18:14:12][dataapi.py][line:87]: stock_daily:20180426
[INFO   ][2018-08-21 18:14:15][dataapi.py][line:87]: stock_daily:20180427
[INFO   ][2018-08-21 18:14:21][dataapi.py][line:87]: stock_daily:20180502
[INFO   ][2018-08-21 18:14:28][dataapi.py][line:87]: stock_daily:20180503
[INFO   ][2018-08-21 18:14:31][dataapi.py][line:87]: stock_daily:20180504
[INFO   ][2018-08-21 18:14:37][dataapi.py][line:87]: stock_daily:20180507
[INFO   ][2018-08-21 18:14:40][dataapi.py][line:87]: stock_daily:20180508
[INFO   ][2018-08-21 18:14:44][dataapi.py][line:87]: stock_daily:20180509
[INFO   ][2018-08-21 18:14:50][dataapi.py][line:87]: stock_daily:20180510
[INFO   ][2018-08-21 18:14:54][dataapi.py][line:87]: stock_daily:20180511
[INFO   ][2018-08-21 18:15:02][dataapi.py][line:87]: stock_daily:20180514
[INFO   ][2018-08-21 18:15:05][dataapi.py][line:87]: stock_daily:20180515
[INFO   ][2018-08-21 18:15:09][dataapi.py][line:87]: stock_daily:20180516
[INFO   ][2018-08-21 18:15:12][dataapi.py][line:87]: stock_daily:20180517
[INFO   ][2018-08-21 18:15:15][dataapi.py][line:87]: stock_daily:20180518
[INFO   ][2018-08-21 18:15:19][dataapi.py][line:87]: stock_daily:20180521
[INFO   ][2018-08-21 18:15:25][dataapi.py][line:87]: stock_daily:20180522
[INFO   ][2018-08-21 18:15:27][dataapi.py][line:87]: stock_daily:20180523
[INFO   ][2018-08-21 18:15:30][dataapi.py][line:87]: stock_daily:20180524
[INFO   ][2018-08-21 18:15:35][dataapi.py][line:87]: stock_daily:20180525
[INFO   ][2018-08-21 18:15:40][dataapi.py][line:87]: stock_daily:20180528
[INFO   ][2018-08-21 18:15:45][dataapi.py][line:87]: stock_daily:20180529
[INFO   ][2018-08-21 18:15:50][dataapi.py][line:87]: stock_daily:20180530
[INFO   ][2018-08-21 18:15:53][dataapi.py][line:87]: stock_daily:20180531
[INFO   ][2018-08-21 18:15:57][dataapi.py][line:87]: stock_daily:20180601
[INFO   ][2018-08-21 18:15:59][dataapi.py][line:87]: stock_daily:20180604
[INFO   ][2018-08-21 18:16:04][dataapi.py][line:87]: stock_daily:20180605
[INFO   ][2018-08-21 18:16:07][dataapi.py][line:87]: stock_daily:20180606
[INFO   ][2018-08-21 18:16:10][dataapi.py][line:87]: stock_daily:20180607
[INFO   ][2018-08-21 18:16:15][dataapi.py][line:87]: stock_daily:20180608
[INFO   ][2018-08-21 18:16:19][dataapi.py][line:87]: stock_daily:20180611
[INFO   ][2018-08-21 18:16:23][dataapi.py][line:87]: stock_daily:20180612
[INFO   ][2018-08-21 18:16:27][dataapi.py][line:87]: stock_daily:20180613
[INFO   ][2018-08-21 18:16:31][dataapi.py][line:87]: stock_daily:20180614
[INFO   ][2018-08-21 18:16:35][dataapi.py][line:87]: stock_daily:20180615
[INFO   ][2018-08-21 18:16:38][dataapi.py][line:87]: stock_daily:20180619
[INFO   ][2018-08-21 18:16:40][dataapi.py][line:87]: stock_daily:20180620
[INFO   ][2018-08-21 18:16:44][dataapi.py][line:87]: stock_daily:20180621
[INFO   ][2018-08-21 18:16:50][dataapi.py][line:87]: stock_daily:20180622
[INFO   ][2018-08-21 18:16:55][dataapi.py][line:87]: stock_daily:20180625
[INFO   ][2018-08-21 18:17:01][dataapi.py][line:87]: stock_daily:20180626
[INFO   ][2018-08-21 18:17:06][dataapi.py][line:87]: stock_daily:20180627
[INFO   ][2018-08-21 18:17:10][dataapi.py][line:87]: stock_daily:20180628
[INFO   ][2018-08-21 18:17:14][dataapi.py][line:87]: stock_daily:20180629
[INFO   ][2018-08-21 18:17:19][dataapi.py][line:87]: stock_daily:20180702
[INFO   ][2018-08-21 18:17:23][dataapi.py][line:87]: stock_daily:20180703
[INFO   ][2018-08-21 18:17:26][dataapi.py][line:87]: stock_daily:20180704
[INFO   ][2018-08-21 18:17:30][dataapi.py][line:87]: stock_daily:20180705
[INFO   ][2018-08-21 18:17:33][dataapi.py][line:87]: stock_daily:20180706
[INFO   ][2018-08-21 18:17:38][dataapi.py][line:87]: stock_daily:20180709
[INFO   ][2018-08-21 18:17:40][dataapi.py][line:87]: stock_daily:20180710
[INFO   ][2018-08-21 18:17:44][dataapi.py][line:87]: stock_daily:20180711
[INFO   ][2018-08-21 18:17:48][dataapi.py][line:87]: stock_daily:20180712
[INFO   ][2018-08-21 18:17:52][dataapi.py][line:87]: stock_daily:20180713
[INFO   ][2018-08-21 18:17:55][dataapi.py][line:87]: stock_daily:20180716
[INFO   ][2018-08-21 18:17:58][dataapi.py][line:87]: stock_daily:20180717
[INFO   ][2018-08-21 18:18:01][dataapi.py][line:87]: stock_daily:20180718
[INFO   ][2018-08-21 18:18:06][dataapi.py][line:87]: stock_daily:20180719
[INFO   ][2018-08-21 18:18:10][dataapi.py][line:87]: stock_daily:20180720
[INFO   ][2018-08-21 18:18:15][dataapi.py][line:87]: stock_daily:20180723
[INFO   ][2018-08-21 18:18:19][dataapi.py][line:87]: stock_daily:20180724
[INFO   ][2018-08-21 18:18:22][dataapi.py][line:87]: stock_daily:20180725
[INFO   ][2018-08-21 18:18:26][dataapi.py][line:87]: stock_daily:20180726
[INFO   ][2018-08-21 18:18:32][dataapi.py][line:87]: stock_daily:20180727
[INFO   ][2018-08-21 18:18:34][dataapi.py][line:87]: stock_daily:20180730
[INFO   ][2018-08-21 18:18:39][dataapi.py][line:87]: stock_daily:20180731
[INFO   ][2018-08-21 18:18:42][dataapi.py][line:87]: stock_daily:20180801
[INFO   ][2018-08-21 18:18:46][dataapi.py][line:87]: stock_daily:20180802
[INFO   ][2018-08-21 18:18:48][dataapi.py][line:87]: stock_daily:20180803
[INFO   ][2018-08-21 18:18:53][dataapi.py][line:87]: stock_daily:20180806
[INFO   ][2018-08-21 18:18:57][dataapi.py][line:87]: stock_daily:20180807
[INFO   ][2018-08-21 18:18:59][dataapi.py][line:87]: stock_daily:20180808
[INFO   ][2018-08-21 18:19:03][dataapi.py][line:87]: stock_daily:20180809
[INFO   ][2018-08-21 18:19:06][dataapi.py][line:87]: stock_daily:20180810
[INFO   ][2018-08-21 18:19:09][dataapi.py][line:87]: stock_daily:20180813
[INFO   ][2018-08-21 18:19:14][dataapi.py][line:87]: stock_daily:20180814
[INFO   ][2018-08-21 18:19:18][dataapi.py][line:87]: stock_daily:20180815
[INFO   ][2018-08-21 18:19:22][dataapi.py][line:87]: stock_daily:20180816
[INFO   ][2018-08-21 18:19:26][dataapi.py][line:87]: stock_daily:20180817
[INFO   ][2018-08-21 18:19:29][dataapi.py][line:87]: stock_daily:20180820
[INFO   ][2018-08-21 18:19:45][dataapi.py][line:87]: stock_daily_basic:20180102
[INFO   ][2018-08-21 18:19:50][dataapi.py][line:87]: stock_daily_basic:20180103
[INFO   ][2018-08-21 18:19:56][dataapi.py][line:87]: stock_daily_basic:20180104
[INFO   ][2018-08-21 18:19:59][dataapi.py][line:87]: stock_daily_basic:20180105
[INFO   ][2018-08-21 18:20:03][dataapi.py][line:87]: stock_daily_basic:20180108
[INFO   ][2018-08-21 18:20:06][dataapi.py][line:87]: stock_daily_basic:20180109
[INFO   ][2018-08-21 18:20:10][dataapi.py][line:87]: stock_daily_basic:20180110
[INFO   ][2018-08-21 18:20:14][dataapi.py][line:87]: stock_daily_basic:20180111
[INFO   ][2018-08-21 18:20:18][dataapi.py][line:87]: stock_daily_basic:20180112
[INFO   ][2018-08-21 18:20:23][dataapi.py][line:87]: stock_daily_basic:20180115
[INFO   ][2018-08-21 18:20:27][dataapi.py][line:87]: stock_daily_basic:20180116
[INFO   ][2018-08-21 18:20:30][dataapi.py][line:87]: stock_daily_basic:20180117
[INFO   ][2018-08-21 18:20:34][dataapi.py][line:87]: stock_daily_basic:20180118
[INFO   ][2018-08-21 18:20:38][dataapi.py][line:87]: stock_daily_basic:20180119
[INFO   ][2018-08-21 18:20:42][dataapi.py][line:87]: stock_daily_basic:20180122
[INFO   ][2018-08-21 18:20:46][dataapi.py][line:87]: stock_daily_basic:20180123
[INFO   ][2018-08-21 18:20:50][dataapi.py][line:87]: stock_daily_basic:20180124
[INFO   ][2018-08-21 18:20:59][dataapi.py][line:87]: stock_daily_basic:20180125
[INFO   ][2018-08-21 18:21:03][dataapi.py][line:87]: stock_daily_basic:20180126
[INFO   ][2018-08-21 18:21:06][dataapi.py][line:87]: stock_daily_basic:20180129
[INFO   ][2018-08-21 18:21:11][dataapi.py][line:87]: stock_daily_basic:20180130
[INFO   ][2018-08-21 18:21:21][dataapi.py][line:87]: stock_daily_basic:20180131
[INFO   ][2018-08-21 18:21:27][dataapi.py][line:87]: stock_daily_basic:20180201
[INFO   ][2018-08-21 18:21:31][dataapi.py][line:87]: stock_daily_basic:20180202
[INFO   ][2018-08-21 18:21:34][dataapi.py][line:87]: stock_daily_basic:20180205
[INFO   ][2018-08-21 18:21:37][dataapi.py][line:87]: stock_daily_basic:20180206
[INFO   ][2018-08-21 18:21:41][dataapi.py][line:87]: stock_daily_basic:20180207
[INFO   ][2018-08-21 18:21:44][dataapi.py][line:87]: stock_daily_basic:20180208
[INFO   ][2018-08-21 18:21:47][dataapi.py][line:87]: stock_daily_basic:20180209
[INFO   ][2018-08-21 18:21:52][dataapi.py][line:87]: stock_daily_basic:20180212
[INFO   ][2018-08-21 18:21:56][dataapi.py][line:87]: stock_daily_basic:20180213
[INFO   ][2018-08-21 18:22:00][dataapi.py][line:87]: stock_daily_basic:20180214
[INFO   ][2018-08-21 18:22:04][dataapi.py][line:87]: stock_daily_basic:20180222
[INFO   ][2018-08-21 18:22:08][dataapi.py][line:87]: stock_daily_basic:20180223
[INFO   ][2018-08-21 18:22:12][dataapi.py][line:87]: stock_daily_basic:20180226
[INFO   ][2018-08-21 18:22:16][dataapi.py][line:87]: stock_daily_basic:20180227
[INFO   ][2018-08-21 18:22:20][dataapi.py][line:87]: stock_daily_basic:20180228
[INFO   ][2018-08-21 18:22:22][dataapi.py][line:87]: stock_daily_basic:20180301
[INFO   ][2018-08-21 18:22:25][dataapi.py][line:87]: stock_daily_basic:20180302
[INFO   ][2018-08-21 18:22:28][dataapi.py][line:87]: stock_daily_basic:20180305
[INFO   ][2018-08-21 18:22:31][dataapi.py][line:87]: stock_daily_basic:20180306
[INFO   ][2018-08-21 18:22:36][dataapi.py][line:87]: stock_daily_basic:20180307
[INFO   ][2018-08-21 18:22:41][dataapi.py][line:87]: stock_daily_basic:20180308
[INFO   ][2018-08-21 18:22:45][dataapi.py][line:87]: stock_daily_basic:20180309
[INFO   ][2018-08-21 18:22:48][dataapi.py][line:87]: stock_daily_basic:20180312
[INFO   ][2018-08-21 18:22:52][dataapi.py][line:87]: stock_daily_basic:20180313
[INFO   ][2018-08-21 18:22:57][dataapi.py][line:87]: stock_daily_basic:20180314
[INFO   ][2018-08-21 18:23:03][dataapi.py][line:87]: stock_daily_basic:20180315
[INFO   ][2018-08-21 18:23:06][dataapi.py][line:87]: stock_daily_basic:20180316
[INFO   ][2018-08-21 18:23:10][dataapi.py][line:87]: stock_daily_basic:20180319
[INFO   ][2018-08-21 18:23:14][dataapi.py][line:87]: stock_daily_basic:20180320
[INFO   ][2018-08-21 18:23:19][dataapi.py][line:87]: stock_daily_basic:20180321
[INFO   ][2018-08-21 18:23:22][dataapi.py][line:87]: stock_daily_basic:20180322
[INFO   ][2018-08-21 18:23:28][dataapi.py][line:87]: stock_daily_basic:20180323
[INFO   ][2018-08-21 18:23:31][dataapi.py][line:87]: stock_daily_basic:20180326
[INFO   ][2018-08-21 18:23:35][dataapi.py][line:87]: stock_daily_basic:20180327
[INFO   ][2018-08-21 18:23:38][dataapi.py][line:87]: stock_daily_basic:20180328
[INFO   ][2018-08-21 18:23:43][dataapi.py][line:87]: stock_daily_basic:20180329
[INFO   ][2018-08-21 18:23:47][dataapi.py][line:87]: stock_daily_basic:20180330
[INFO   ][2018-08-21 18:23:52][dataapi.py][line:87]: stock_daily_basic:20180402
[INFO   ][2018-08-21 18:23:56][dataapi.py][line:87]: stock_daily_basic:20180403
[INFO   ][2018-08-21 18:24:04][dataapi.py][line:87]: stock_daily_basic:20180404
[INFO   ][2018-08-21 18:24:09][dataapi.py][line:87]: stock_daily_basic:20180409
[INFO   ][2018-08-21 18:24:17][dataapi.py][line:87]: stock_daily_basic:20180410
[INFO   ][2018-08-21 18:24:25][dataapi.py][line:87]: stock_daily_basic:20180411
[INFO   ][2018-08-21 18:24:33][dataapi.py][line:87]: stock_daily_basic:20180412
[INFO   ][2018-08-21 18:24:37][dataapi.py][line:87]: stock_daily_basic:20180413
[INFO   ][2018-08-21 18:24:41][dataapi.py][line:87]: stock_daily_basic:20180416
[INFO   ][2018-08-21 18:24:45][dataapi.py][line:87]: stock_daily_basic:20180417
[INFO   ][2018-08-21 18:24:50][dataapi.py][line:87]: stock_daily_basic:20180418
[INFO   ][2018-08-21 18:24:55][dataapi.py][line:87]: stock_daily_basic:20180419
[INFO   ][2018-08-21 18:24:59][dataapi.py][line:87]: stock_daily_basic:20180420
[INFO   ][2018-08-21 18:25:05][dataapi.py][line:87]: stock_daily_basic:20180423
[INFO   ][2018-08-21 18:25:07][dataapi.py][line:87]: stock_daily_basic:20180424
[INFO   ][2018-08-21 18:25:11][dataapi.py][line:87]: stock_daily_basic:20180425
[INFO   ][2018-08-21 18:25:15][dataapi.py][line:87]: stock_daily_basic:20180426
[INFO   ][2018-08-21 18:25:19][dataapi.py][line:87]: stock_daily_basic:20180427
[INFO   ][2018-08-21 18:25:23][dataapi.py][line:87]: stock_daily_basic:20180502
[INFO   ][2018-08-21 18:25:33][dataapi.py][line:87]: stock_daily_basic:20180503
[INFO   ][2018-08-21 18:25:36][dataapi.py][line:87]: stock_daily_basic:20180504
[INFO   ][2018-08-21 18:25:47][dataapi.py][line:87]: stock_daily_basic:20180507
[INFO   ][2018-08-21 18:25:52][dataapi.py][line:87]: stock_daily_basic:20180508
[INFO   ][2018-08-21 18:25:55][dataapi.py][line:87]: stock_daily_basic:20180509
[INFO   ][2018-08-21 18:25:59][dataapi.py][line:87]: stock_daily_basic:20180510
[INFO   ][2018-08-21 18:26:01][dataapi.py][line:87]: stock_daily_basic:20180511
[INFO   ][2018-08-21 18:26:06][dataapi.py][line:87]: stock_daily_basic:20180514
[INFO   ][2018-08-21 18:26:10][dataapi.py][line:87]: stock_daily_basic:20180515
[INFO   ][2018-08-21 18:26:13][dataapi.py][line:87]: stock_daily_basic:20180516
[INFO   ][2018-08-21 18:26:17][dataapi.py][line:87]: stock_daily_basic:20180517
[INFO   ][2018-08-21 18:26:22][dataapi.py][line:87]: stock_daily_basic:20180518
[INFO   ][2018-08-21 18:26:27][dataapi.py][line:87]: stock_daily_basic:20180521
[INFO   ][2018-08-21 18:26:32][dataapi.py][line:87]: stock_daily_basic:20180522
[INFO   ][2018-08-21 18:26:35][dataapi.py][line:87]: stock_daily_basic:20180523
[INFO   ][2018-08-21 18:26:41][dataapi.py][line:87]: stock_daily_basic:20180524
[INFO   ][2018-08-21 18:26:43][dataapi.py][line:87]: stock_daily_basic:20180525
[INFO   ][2018-08-21 18:26:46][dataapi.py][line:87]: stock_daily_basic:20180528
[INFO   ][2018-08-21 18:26:57][dataapi.py][line:87]: stock_daily_basic:20180529
[INFO   ][2018-08-21 18:27:05][dataapi.py][line:87]: stock_daily_basic:20180530
[INFO   ][2018-08-21 18:27:08][dataapi.py][line:87]: stock_daily_basic:20180531
[INFO   ][2018-08-21 18:27:13][dataapi.py][line:87]: stock_daily_basic:20180601
[INFO   ][2018-08-21 18:27:22][dataapi.py][line:87]: stock_daily_basic:20180604
[INFO   ][2018-08-21 18:27:30][dataapi.py][line:87]: stock_daily_basic:20180605
[INFO   ][2018-08-21 18:27:37][dataapi.py][line:87]: stock_daily_basic:20180606
[INFO   ][2018-08-21 18:27:42][dataapi.py][line:87]: stock_daily_basic:20180607
[INFO   ][2018-08-21 18:27:45][dataapi.py][line:87]: stock_daily_basic:20180608
[INFO   ][2018-08-21 18:27:48][dataapi.py][line:87]: stock_daily_basic:20180611
[INFO   ][2018-08-21 18:27:52][dataapi.py][line:87]: stock_daily_basic:20180612
[INFO   ][2018-08-21 18:28:03][dataapi.py][line:87]: stock_daily_basic:20180613
[INFO   ][2018-08-21 18:28:06][dataapi.py][line:87]: stock_daily_basic:20180614
[INFO   ][2018-08-21 18:28:08][dataapi.py][line:87]: stock_daily_basic:20180615
[INFO   ][2018-08-21 18:28:17][dataapi.py][line:87]: stock_daily_basic:20180619
[INFO   ][2018-08-21 18:28:20][dataapi.py][line:87]: stock_daily_basic:20180620
[INFO   ][2018-08-21 18:28:26][dataapi.py][line:87]: stock_daily_basic:20180621
[INFO   ][2018-08-21 18:28:30][dataapi.py][line:87]: stock_daily_basic:20180622
[INFO   ][2018-08-21 18:28:33][dataapi.py][line:87]: stock_daily_basic:20180625
[INFO   ][2018-08-21 18:28:37][dataapi.py][line:87]: stock_daily_basic:20180626
[INFO   ][2018-08-21 18:28:42][dataapi.py][line:87]: stock_daily_basic:20180627
[INFO   ][2018-08-21 18:28:49][dataapi.py][line:87]: stock_daily_basic:20180628
[INFO   ][2018-08-21 18:28:52][dataapi.py][line:87]: stock_daily_basic:20180629
[INFO   ][2018-08-21 18:28:55][dataapi.py][line:87]: stock_daily_basic:20180702
[INFO   ][2018-08-21 18:28:59][dataapi.py][line:87]: stock_daily_basic:20180703
[INFO   ][2018-08-21 18:29:04][dataapi.py][line:87]: stock_daily_basic:20180704
[INFO   ][2018-08-21 18:29:08][dataapi.py][line:87]: stock_daily_basic:20180705
[INFO   ][2018-08-21 18:29:16][dataapi.py][line:87]: stock_daily_basic:20180706
[INFO   ][2018-08-21 18:29:20][dataapi.py][line:87]: stock_daily_basic:20180709
[INFO   ][2018-08-21 18:29:26][dataapi.py][line:87]: stock_daily_basic:20180710
[INFO   ][2018-08-21 18:29:30][dataapi.py][line:87]: stock_daily_basic:20180711
[INFO   ][2018-08-21 18:29:33][dataapi.py][line:87]: stock_daily_basic:20180712
[INFO   ][2018-08-21 18:29:37][dataapi.py][line:87]: stock_daily_basic:20180713
[INFO   ][2018-08-21 18:29:40][dataapi.py][line:87]: stock_daily_basic:20180716
[INFO   ][2018-08-21 18:29:46][dataapi.py][line:87]: stock_daily_basic:20180717
[INFO   ][2018-08-21 18:29:52][dataapi.py][line:87]: stock_daily_basic:20180718
[INFO   ][2018-08-21 18:30:04][dataapi.py][line:87]: stock_daily_basic:20180719
[INFO   ][2018-08-21 18:30:15][dataapi.py][line:87]: stock_daily_basic:20180720
[INFO   ][2018-08-21 18:30:17][dataapi.py][line:87]: stock_daily_basic:20180723
[INFO   ][2018-08-21 18:30:21][dataapi.py][line:87]: stock_daily_basic:20180724
[INFO   ][2018-08-21 18:30:26][dataapi.py][line:87]: stock_daily_basic:20180725
[INFO   ][2018-08-21 18:30:30][dataapi.py][line:87]: stock_daily_basic:20180726
[INFO   ][2018-08-21 18:30:36][dataapi.py][line:87]: stock_daily_basic:20180727
[INFO   ][2018-08-21 18:30:38][dataapi.py][line:87]: stock_daily_basic:20180730
[INFO   ][2018-08-21 18:30:43][dataapi.py][line:87]: stock_daily_basic:20180731
[INFO   ][2018-08-21 18:30:46][dataapi.py][line:87]: stock_daily_basic:20180801
[INFO   ][2018-08-21 18:30:50][dataapi.py][line:87]: stock_daily_basic:20180802
[INFO   ][2018-08-21 18:31:00][dataapi.py][line:87]: stock_daily_basic:20180803
[INFO   ][2018-08-21 18:31:03][dataapi.py][line:87]: stock_daily_basic:20180806
[INFO   ][2018-08-21 18:31:07][dataapi.py][line:87]: stock_daily_basic:20180807
[INFO   ][2018-08-21 18:31:16][dataapi.py][line:87]: stock_daily_basic:20180808
[INFO   ][2018-08-21 18:31:20][dataapi.py][line:87]: stock_daily_basic:20180809
[INFO   ][2018-08-21 18:31:24][dataapi.py][line:87]: stock_daily_basic:20180810
[INFO   ][2018-08-21 18:31:27][dataapi.py][line:87]: stock_daily_basic:20180813
[INFO   ][2018-08-21 18:31:32][dataapi.py][line:87]: stock_daily_basic:20180814
[INFO   ][2018-08-21 18:31:37][dataapi.py][line:87]: stock_daily_basic:20180815
[INFO   ][2018-08-21 18:31:41][dataapi.py][line:87]: stock_daily_basic:20180816
[INFO   ][2018-08-21 18:31:45][dataapi.py][line:87]: stock_daily_basic:20180817
[INFO   ][2018-08-21 18:31:56][dataapi.py][line:87]: stock_daily_basic:20180820
